<?xml version="1.0" encoding="UTF-8"?>
<testsuite name="com.pegawai.app.AppTest" time="0.875" tests="4" errors="2" skipped="0" failures="1">
  <properties>
[...]
</properties>
  <testcase name="testApp" classname="com.pegawai.app.AppTest" time="0.004"/>
  <testcase name="testMain" classname="com.pegawai.app.AppTest" time="0.86">
    <error message="Args must not be null" type="java.lang.IllegalArgumentException"><![CDATA[java.lang.IllegalArgumentException: Args must not be null
	at org.springframework.util.Assert.notNull(Assert.java:115)
	at org.springframework.boot.DefaultApplicationArguments.<init>(DefaultApplicationArguments.java:41)
	at org.springframework.boot.SpringApplication.run(SpringApplication.java:305)
	at org.springframework.boot.SpringApplication.run(SpringApplication.java:1162)
	at org.springframework.boot.SpringApplication.run(SpringApplication.java:1151)
	at com.pegawai.app.App.main(App.java:19)
	at com.pegawai.app.AppTest.testMain(AppTest.java:68)
]]></error>
    <system-out><![CDATA[main
10:09:34.947 [main] DEBUG org.springframework.boot.logging.ClasspathLoggingApplicationListener - Application failed to start with classpath: [file:/home/adrian/NetBeansProjects/pegawai/target/surefire/surefirebooter4767143450577738289.jar]
10:09:34.960 [main] ERROR org.springframework.boot.SpringApplication - Application startup failed
java.lang.IllegalArgumentException: Args must not be null
	at org.springframework.util.Assert.notNull(Assert.java:115)
	at org.springframework.boot.DefaultApplicationArguments.<init>(DefaultApplicationArguments.java:41)
	at org.springframework.boot.SpringApplication.run(SpringApplication.java:305)
	at org.springframework.boot.SpringApplication.run(SpringApplication.java:1162)
	at org.springframework.boot.SpringApplication.run(SpringApplication.java:1151)
	at com.pegawai.app.App.main(App.java:19)
	at com.pegawai.app.AppTest.testMain(AppTest.java:68)
	at sun.reflect.NativeMethodAccessorImpl.invoke0(Native Method)
	at sun.reflect.NativeMethodAccessorImpl.invoke(NativeMethodAccessorImpl.java:62)
	at sun.reflect.DelegatingMethodAccessorImpl.invoke(DelegatingMethodAccessorImpl.java:43)
	at java.lang.reflect.Method.invoke(Method.java:498)
	at junit.framework.TestCase.runTest(TestCase.java:176)
	at junit.framework.TestCase.runBare(TestCase.java:141)
	at junit.framework.TestResult$1.protect(TestResult.java:122)
	at junit.framework.TestResult.runProtected(TestResult.java:142)
	at junit.framework.TestResult.run(TestResult.java:125)
	at junit.framework.TestCase.run(TestCase.java:129)
	at junit.framework.TestSuite.runTest(TestSuite.java:252)
	at junit.framework.TestSuite.run(TestSuite.java:247)
	at org.junit.internal.runners.JUnit38ClassRunner.run(JUnit38ClassRunner.java:86)
	at org.apache.maven.surefire.junit4.JUnit4Provider.execute(JUnit4Provider.java:283)
	at org.apache.maven.surefire.junit4.JUnit4Provider.executeWithRerun(JUnit4Provider.java:173)
	at org.apache.maven.surefire.junit4.JUnit4Provider.executeTestSet(JUnit4Provider.java:153)
	at org.apache.maven.surefire.junit4.JUnit4Provider.invoke(JUnit4Provider.java:128)
	at org.apache.maven.surefire.booter.ForkedBooter.invokeProviderInSameClassLoader(ForkedBooter.java:203)
	at org.apache.maven.surefire.booter.ForkedBooter.runSuitesInProcess(ForkedBooter.java:155)
	at org.apache.maven.surefire.booter.ForkedBooter.main(ForkedBooter.java:103)
]]></system-out>
  </testcase>
  <testcase name="testSpringDataDialect" classname="com.pegawai.app.AppTest" time="0.008">
    <failure message="expected:&lt;null&gt; but was:&lt;org.thymeleaf.dialect.springdata.SpringDataDialect@1f021e6c&gt;" type="junit.framework.AssertionFailedError"><![CDATA[junit.framework.AssertionFailedError: expected:<null> but was:<org.thymeleaf.dialect.springdata.SpringDataDialect@1f021e6c>
	at junit.framework.Assert.fail(Assert.java:57)
	at junit.framework.Assert.failNotEquals(Assert.java:329)
	at junit.framework.Assert.assertEquals(Assert.java:78)
	at junit.framework.Assert.assertEquals(Assert.java:86)
	at junit.framework.TestCase.assertEquals(TestCase.java:253)
	at com.pegawai.app.AppTest.testSpringDataDialect(AppTest.java:95)
]]></failure>
    <system-out><![CDATA[springDataDialect
]]></system-out>
  </testcase>
  <testcase name="testAddViewControllers" classname="com.pegawai.app.AppTest" time="0.003">
    <error type="java.lang.NullPointerException:">java.lang.NullPointerException: null
	at com.pegawai.app.App.addViewControllers(App.java:24)
	at com.pegawai.app.AppTest.testAddViewControllers(AppTest.java:81)
</error>
    <system-out><![CDATA[addViewControllers
]]></system-out>
  </testcase>
</testsuite>